<?xml version="1.0" encoding="UTF-8"?>
<testng-results ignored="0" total="3" passed="2" failed="1" skipped="0">
  <reporter-output>
  </reporter-output>
  <suite started-at="2021-10-29T07:45:00Z" name="Suite" finished-at="2021-10-29T07:46:10Z" duration-ms="70390">
    <groups>
    </groups>
    <test started-at="2021-10-29T07:45:00Z" name="Test" finished-at="2021-10-29T07:46:10Z" duration-ms="70390">
      <class name="com.healthcare.runner.TestCases">
        <test-method is-config="true" signature="startup()[pri:0, instance:com.healthcare.runner.TestCases@28261e8e]" started-at="2021-10-29T07:44:59Z" name="startup" finished-at="2021-10-29T07:45:00Z" duration-ms="222" status="PASS">
          <reporter-output>
          </reporter-output>
        </test-method> <!-- startup -->
        <test-method is-config="true" signature="beforeClass()[pri:0, instance:com.healthcare.runner.TestCases@28261e8e]" started-at="2021-10-29T07:45:00Z" name="beforeClass" finished-at="2021-10-29T07:45:03Z" duration-ms="3143" status="PASS">
          <reporter-output>
          </reporter-output>
        </test-method> <!-- beforeClass -->
        <test-method signature="titleValidation()[pri:1, instance:com.healthcare.runner.TestCases@28261e8e]" started-at="2021-10-29T07:45:03Z" name="titleValidation" finished-at="2021-10-29T07:45:35Z" duration-ms="32098" status="PASS">
          <reporter-output>
          </reporter-output>
        </test-method> <!-- titleValidation -->
        <test-method signature="HomeCarebooking()[pri:2, instance:com.healthcare.runner.TestCases@28261e8e]" started-at="2021-10-29T07:45:35Z" name="HomeCarebooking" finished-at="2021-10-29T07:45:56Z" duration-ms="21520" status="FAIL">
          <exception class="org.openqa.selenium.NoSuchElementException">
            <message>
              <![CDATA[no such element: Unable to locate element: {"method":"link text","selector":"Book an appointment"}
  (Session info: chrome=95.0.4638.54)
For documentation on this error, please visit: https://www.seleniumhq.org/exceptions/no_such_element.html
Build info: version: '3.141.59', revision: 'e82be7d358', time: '2018-11-14T08:17:03'
System info: host: 'PRANUPS', ip: '192.168.1.12', os.name: 'Windows 10', os.arch: 'amd64', os.version: '10.0', java.version: '17.0.1'
Driver info: org.openqa.selenium.chrome.ChromeDriver
Capabilities {acceptInsecureCerts: false, browserName: chrome, browserVersion: 95.0.4638.54, chrome: {chromedriverVersion: 94.0.4606.61 (418b78f5838ed..., userDataDir: C:\Users\saipr\AppData\Loca...}, goog:chromeOptions: {debuggerAddress: localhost:63256}, javascriptEnabled: true, networkConnectionEnabled: false, pageLoadStrategy: normal, platform: WINDOWS, platformName: WINDOWS, proxy: Proxy(), setWindowRect: true, strictFileInteractability: false, timeouts: {implicit: 0, pageLoad: 300000, script: 30000}, unhandledPromptBehavior: dismiss and notify, webauthn:extension:credBlob: true, webauthn:extension:largeBlob: true, webauthn:virtualAuthenticators: true}
Session ID: ef20148bd6bf95c4a35790a8dac2ad1c
*** Element info: {Using=link text, value=Book an appointment}]]>
            </message>
            <full-stacktrace>
              <![CDATA[org.openqa.selenium.NoSuchElementException: no such element: Unable to locate element: {"method":"link text","selector":"Book an appointment"}
  (Session info: chrome=95.0.4638.54)
For documentation on this error, please visit: https://www.seleniumhq.org/exceptions/no_such_element.html
Build info: version: '3.141.59', revision: 'e82be7d358', time: '2018-11-14T08:17:03'
System info: host: 'PRANUPS', ip: '192.168.1.12', os.name: 'Windows 10', os.arch: 'amd64', os.version: '10.0', java.version: '17.0.1'
Driver info: org.openqa.selenium.chrome.ChromeDriver
Capabilities {acceptInsecureCerts: false, browserName: chrome, browserVersion: 95.0.4638.54, chrome: {chromedriverVersion: 94.0.4606.61 (418b78f5838ed..., userDataDir: C:\Users\saipr\AppData\Loca...}, goog:chromeOptions: {debuggerAddress: localhost:63256}, javascriptEnabled: true, networkConnectionEnabled: false, pageLoadStrategy: normal, platform: WINDOWS, platformName: WINDOWS, proxy: Proxy(), setWindowRect: true, strictFileInteractability: false, timeouts: {implicit: 0, pageLoad: 300000, script: 30000}, unhandledPromptBehavior: dismiss and notify, webauthn:extension:credBlob: true, webauthn:extension:largeBlob: true, webauthn:virtualAuthenticators: true}
Session ID: ef20148bd6bf95c4a35790a8dac2ad1c
*** Element info: {Using=link text, value=Book an appointment}
at java.base/jdk.internal.reflect.NativeConstructorAccessorImpl.newInstance0(Native Method)
at java.base/jdk.internal.reflect.NativeConstructorAccessorImpl.newInstance(NativeConstructorAccessorImpl.java:77)
at java.base/jdk.internal.reflect.DelegatingConstructorAccessorImpl.newInstance(DelegatingConstructorAccessorImpl.java:45)
at java.base/java.lang.reflect.Constructor.newInstanceWithCaller(Constructor.java:499)
at java.base/java.lang.reflect.Constructor.newInstance(Constructor.java:480)
at org.openqa.selenium.remote.http.W3CHttpResponseCodec.createException(W3CHttpResponseCodec.java:187)
at org.openqa.selenium.remote.http.W3CHttpResponseCodec.decode(W3CHttpResponseCodec.java:122)
at org.openqa.selenium.remote.http.W3CHttpResponseCodec.decode(W3CHttpResponseCodec.java:49)
at org.openqa.selenium.remote.HttpCommandExecutor.execute(HttpCommandExecutor.java:158)
at org.openqa.selenium.remote.service.DriverCommandExecutor.execute(DriverCommandExecutor.java:83)
at org.openqa.selenium.remote.RemoteWebDriver.execute(RemoteWebDriver.java:552)
at org.openqa.selenium.remote.RemoteWebDriver.findElement(RemoteWebDriver.java:323)
at org.openqa.selenium.remote.RemoteWebDriver.findElementByLinkText(RemoteWebDriver.java:380)
at org.openqa.selenium.By$ByLinkText.findElement(By.java:220)
at org.openqa.selenium.remote.RemoteWebDriver.findElement(RemoteWebDriver.java:315)
at com.healthcare.PageObjects.HomePage.bookAppointment(HomePage.java:20)
at com.healthcare.runner.TestCases.HomeCarebooking(TestCases.java:43)
at java.base/jdk.internal.reflect.NativeMethodAccessorImpl.invoke0(Native Method)
at java.base/jdk.internal.reflect.NativeMethodAccessorImpl.invoke(NativeMethodAccessorImpl.java:77)
at java.base/jdk.internal.reflect.DelegatingMethodAccessorImpl.invoke(DelegatingMethodAccessorImpl.java:43)
at java.base/java.lang.reflect.Method.invoke(Method.java:568)
at org.testng.internal.MethodInvocationHelper.invokeMethod(MethodInvocationHelper.java:124)
at org.testng.internal.Invoker.invokeMethod(Invoker.java:583)
at org.testng.internal.Invoker.invokeTestMethod(Invoker.java:719)
at org.testng.internal.Invoker.invokeTestMethods(Invoker.java:989)
at org.testng.internal.TestMethodWorker.invokeTestMethods(TestMethodWorker.java:125)
at org.testng.internal.TestMethodWorker.run(TestMethodWorker.java:109)
at org.testng.TestRunner.privateRun(TestRunner.java:648)
at org.testng.TestRunner.run(TestRunner.java:505)
at org.testng.SuiteRunner.runTest(SuiteRunner.java:455)
at org.testng.SuiteRunner.runSequentially(SuiteRunner.java:450)
at org.testng.SuiteRunner.privateRun(SuiteRunner.java:415)
at org.testng.SuiteRunner.run(SuiteRunner.java:364)
at org.testng.SuiteRunnerWorker.runSuite(SuiteRunnerWorker.java:52)
at org.testng.SuiteRunnerWorker.run(SuiteRunnerWorker.java:84)
at org.testng.TestNG.runSuitesSequentially(TestNG.java:1208)
at org.testng.TestNG.runSuitesLocally(TestNG.java:1137)
at org.testng.TestNG.runSuites(TestNG.java:1049)
at org.testng.TestNG.run(TestNG.java:1017)
at org.testng.remote.AbstractRemoteTestNG.run(AbstractRemoteTestNG.java:115)
at org.testng.remote.RemoteTestNG.initAndRun(RemoteTestNG.java:251)
at org.testng.remote.RemoteTestNG.main(RemoteTestNG.java:77)
]]>
            </full-stacktrace>
          </exception> <!-- org.openqa.selenium.NoSuchElementException -->
          <reporter-output>
          </reporter-output>
        </test-method> <!-- HomeCarebooking -->
        <test-method signature="contactTest()[pri:3, instance:com.healthcare.runner.TestCases@28261e8e]" started-at="2021-10-29T07:45:56Z" name="contactTest" finished-at="2021-10-29T07:46:09Z" duration-ms="12999" status="PASS">
          <reporter-output>
          </reporter-output>
        </test-method> <!-- contactTest -->
        <test-method is-config="true" signature="classTeardown()[pri:0, instance:com.healthcare.runner.TestCases@28261e8e]" started-at="2021-10-29T07:46:10Z" name="classTeardown" finished-at="2021-10-29T07:46:10Z" duration-ms="229" status="PASS">
          <reporter-output>
          </reporter-output>
        </test-method> <!-- classTeardown -->
        <test-method is-config="true" signature="suiteTeardown()[pri:0, instance:com.healthcare.runner.TestCases@28261e8e]" started-at="2021-10-29T07:46:10Z" name="suiteTeardown" finished-at="2021-10-29T07:46:10Z" duration-ms="160" status="PASS">
          <reporter-output>
          </reporter-output>
        </test-method> <!-- suiteTeardown -->
      </class> <!-- com.healthcare.runner.TestCases -->
    </test> <!-- Test -->
  </suite> <!-- Suite -->
</testng-results>
