<?xml version="1.0" encoding="UTF-8"?>
<!-- Generated by org.testng.reporters.JUnitXMLReporter -->
<testsuite ignored="0" hostname="DESKTOP-LEBI99V" failures="0" tests="4" name="Default test" time="75.854" errors="0" timestamp="2021-10-25T00:14:21 IST">
  <testcase classname="com.mindtree.runner.AtlanticApplication" name="HomePage" time="2.193"/>
  <testcase classname="com.mindtree.runner.AtlanticApplication" name="LoginPage" time="9.126"/>
  <testcase classname="com.mindtree.runner.AtlanticApplication" name="LoginPage" time="25.284"/>
  <testcase classname="com.mindtree.runner.AtlanticApplication" name="SearchBook" time="21.237"/>
</testsuite> <!-- Default test -->
