<?xml version="1.0" encoding="UTF-8"?>
<!-- Generated by org.testng.reporters.JUnitXMLReporter -->
<testsuite ignored="0" hostname="DESKTOP-LEBI99V" failures="0" tests="4" name="Test" time="114.774" errors="0" timestamp="2021-10-25T00:34:51 IST">
  <testcase classname="com.mindtree.runner.AtlanticApplication" name="HomePage" time="2.155"/>
  <testcase classname="com.mindtree.runner.AtlanticApplication" name="LoginPage" time="5.828"/>
  <testcase classname="com.mindtree.runner.AtlanticApplication" name="LoginPage" time="28.151"/>
  <testcase classname="com.mindtree.runner.AtlanticApplication" name="SearchBook" time="13.753"/>
</testsuite> <!-- Test -->
